<?xml version="1.0" encoding="UTF-8"?>
<!-- Generated by org.testng.reporters.JUnitReportReporter -->
<testsuite hostname="DESKTOP-9D9JMOO" failures="0" tests="1" name="autotest.testrokomari.testbasic" time="214.526" errors="0" timestamp="27 Nov 2021 16:05:59 GMT" skipped="0">
  <testcase classname="autotest.testrokomari.testbasic" name="rokomari" time="214.526"/>
</testsuite> <!-- autotest.testrokomari.testbasic -->
