<?xml version="1.0" encoding="UTF-8"?>
<!-- Generated by org.testng.reporters.JUnitReportReporter -->
<testsuite hostname="DESKTOP-9D9JMOO" failures="0" tests="1" name="test.Bookshoopbd.bookshop" time="32.414" errors="0" timestamp="30 Nov 2021 16:13:56 GMT" skipped="0">
  <testcase classname="test.Bookshoopbd.bookshop" name="bookshopbd" time="32.414"/>
</testsuite> <!-- test.Bookshoopbd.bookshop -->
