<?xml version="1.0" encoding="UTF-8"?>
<!-- Generated by org.testng.reporters.JUnitReportReporter -->
<testsuite hostname="DESKTOP-9D9JMOO" failures="0" tests="1" name="demo.wafilifetest.testwafilifi" time="44.238" errors="0" timestamp="2021-11-30T12:10:48 BDT" skipped="0">
  <testcase classname="demo.wafilifetest.testwafilifi" name="wafilife" time="44.238"/>
  <system-out/>
</testsuite> <!-- demo.wafilifetest.testwafilifi -->
